<?xml version="1.0" encoding="UTF-8"?>
<!-- Generated by org.testng.reporters.JUnitReportReporter -->
<testsuite hostname="User-PC" name="videoGameTestingProject.Testing_API" tests="2" failures="0" timestamp="24 Dec 2021 17:56:43 GMT" time="1.464" errors="0">
  <testcase name="firstTestGetAllVideoGames" time="1.026" classname="videoGameTestingProject.Testing_API"/>
  <testcase name="secondTestAddAllNewVideoGames" time="0.438" classname="videoGameTestingProject.Testing_API"/>
</testsuite> <!-- videoGameTestingProject.Testing_API -->
